<?xml version="1.0" encoding="UTF-8"?>
<!-- Generated by org.testng.reporters.JUnitReportReporter -->
<testsuite hostname="PC201310140854" name="Test126.DriverBulidBeforAndAfterSuite" tests="1" failures="0" timestamp="19 Feb 2014 07:53:52 GMT" time="0.613" errors="0">
  <testcase name="testStart" time="0.613" classname="Test126.DriverBulidBeforAndAfterSuite"/>
</testsuite> <!-- Test126.DriverBulidBeforAndAfterSuite -->
