<?xml version="1.0" encoding="UTF-8"?>
<!-- Generated by org.testng.reporters.JUnitReportReporter -->
<testsuite hostname="PC201310140854" name="Test126.DriverBulid" tests="1" failures="0" timestamp="18 Feb 2014 05:01:47 GMT" time="2.007" errors="0">
  <testcase name="testStart" time="2.007" classname="Test126.DriverBulid"/>
</testsuite> <!-- Test126.DriverBulid -->
