<?xml version="1.0" encoding="UTF-8"?>
<!-- Generated by org.testng.reporters.JUnitReportReporter -->
<testsuite hostname="PC201310140854" name="Test126.SendMail" tests="1" failures="0" timestamp="19 Feb 2014 07:06:40 GMT" time="56.176" errors="0">
  <testcase name="sendMail" time="56.176" classname="Test126.SendMail"/>
</testsuite> <!-- Test126.SendMail -->
