<?xml version="1.0" encoding="UTF-8"?>
<!-- Generated by org.testng.reporters.JUnitReportReporter -->
<testsuite hostname="PC201310140854" name="Test126.DriverBulidBeforAndAfterSuite" tests="1" failures="0" timestamp="20 Feb 2014 05:46:57 GMT" time="0.792" errors="0">
  <testcase name="testStart" time="0.792" classname="Test126.DriverBulidBeforAndAfterSuite"/>
</testsuite> <!-- Test126.DriverBulidBeforAndAfterSuite -->
