<?xml version="1.0" encoding="UTF-8"?>
<!-- Generated by org.testng.reporters.JUnitReportReporter -->
<testsuite hostname="PC201310140854" name="practiceone.PracticeBase" tests="1" failures="0" timestamp="7 Feb 2014 07:03:02 GMT" time="0.000" errors="0">
  <testcase name="runAll" time="0.000" classname="practiceone.PracticeBase"/>
</testsuite> <!-- practiceone.PracticeBase -->
