<?xml version="1.0" encoding="UTF-8"?>
<!-- Generated by org.testng.reporters.JUnitReportReporter -->
<testsuite hostname="PC201310140854" name="practicefour.Practice1OnTestNG" tests="1" failures="0" timestamp="8 Feb 2014 06:30:18 GMT" time="0.011" errors="0">
  <testcase name="test" time="0.011" classname="practicefour.Practice1OnTestNG"/>
</testsuite> <!-- practicefour.Practice1OnTestNG -->
