<?xml version="1.0" encoding="UTF-8"?>
<!-- Generated by org.testng.reporters.JUnitReportReporter -->
<testsuite hostname="PC201310140854" name="practicetwo.LaunchFF" tests="1" failures="0" timestamp="27 Jan 2014 02:00:36 GMT" time="35.847" errors="0">
  <testcase name="searchOnBaidu" time="35.847" classname="practicetwo.LaunchFF"/>
</testsuite> <!-- practicetwo.LaunchFF -->
