<?xml version="1.0" encoding="UTF-8"?>
<!-- Generated by org.testng.reporters.JUnitReportReporter -->
<testsuite hostname="PC201310140854" name="practiceone.Practice1OnTestng" tests="1" failures="0" timestamp="7 Feb 2014 07:03:02 GMT" time="0.010" errors="0">
  <testcase name="aFastTest" time="0.010" classname="practiceone.Practice1OnTestng"/>
</testsuite> <!-- practiceone.Practice1OnTestng -->
