<?xml version="1.0" encoding="UTF-8"?>
<!-- Generated by org.testng.reporters.JUnitReportReporter -->
<testsuite hostname="SHA123485N01" name="practiceten_1.TestngXlst" tests="10" failures="0" timestamp="25 Dec 2013 07:30:36 GMT" time="0.019" errors="0">
  <testcase name="test7" time="0.001" classname="practiceten_1.TestngXlst"/>
  <testcase name="test10" time="0.001" classname="practiceten_1.TestngXlst"/>
  <testcase name="test3" time="0.000" classname="practiceten_1.TestngXlst"/>
  <testcase name="test1" time="0.015" classname="practiceten_1.TestngXlst"/>
  <testcase name="test2" time="0.001" classname="practiceten_1.TestngXlst"/>
  <testcase name="test4" time="0.000" classname="practiceten_1.TestngXlst"/>
  <testcase name="test9" time="0.000" classname="practiceten_1.TestngXlst"/>
  <testcase name="test6" time="0.000" classname="practiceten_1.TestngXlst"/>
  <testcase name="test8" time="0.001" classname="practiceten_1.TestngXlst"/>
  <testcase name="test5" time="0.000" classname="practiceten_1.TestngXlst"/>
</testsuite> <!-- practiceten_1.TestngXlst -->
